  Main_Menu.cpp
D:\New folder (4)\Basem321\As3_OOP_XO\BoardGame_Classes.h(231,18): warning C4267: 'initializing': conversion from 'size_t' to 'int', possible loss of data
  (compiling source file '../../Main_Menu.cpp')
      D:\New folder (4)\Basem321\As3_OOP_XO\BoardGame_Classes.h(231,18):
      the template instantiation context (the oldest one first) is
          D:\New folder (4)\Basem321\As3_OOP_XO\Numerical_tic_tac_9.h(28,29):
          see reference to class template instantiation 'UI<int>' being compiled
          D:\New folder (4)\Basem321\As3_OOP_XO\BoardGame_Classes.h(224,10):
          while compiling class template member function 'void UI<int>::display_board_matrix(const std::vector<std::vector<T,std::allocator<T>>,std::allocator<std::vector<T,std::allocator<T>>>> &) const'
          with
          [
              T=int
          ]
              D:\New folder (4)\Basem321\As3_OOP_XO\BoardGame_Classes.h(277,33):
              see the first reference to 'UI<int>::display_board_matrix' in 'GameManager<int>::run'
              D:\New folder (4)\Basem321\As3_OOP_XO\Main_Menu.cpp(91,21):
              see the first reference to 'GameManager<int>::run' in 'main'
  
D:\New folder (4)\Basem321\As3_OOP_XO\BoardGame_Classes.h(232,18): warning C4267: 'initializing': conversion from 'size_t' to 'int', possible loss of data
  (compiling source file '../../Main_Menu.cpp')
  
  TicTacToe5x5.cpp
  Generating Code...
  my project.vcxproj -> D:\New folder (4)\Basem321\As3_OOP_XO\my project\x64\Debug\my project.exe
